[dhdDelta():10.36.28.0008] - Did not find FalconCommon.txt
[dhdComUSB::dhdComUSB():10.36.28.0008] - Constructor
[dhdDelta():10.36.28.0016] - Did not find FalconCommon.txt
[dhdComUSB::dhdComUSB():10.36.28.0016] - Constructor
[dhdDelta():10.36.28.0020] - Did not find FalconCommon.txt
[dhdComUSB::dhdComUSB():10.36.28.0020] - Constructor
[dhdDelta():10.36.28.0024] - Did not find FalconCommon.txt
[dhdComUSB::dhdComUSB():10.36.28.0025] - Constructor
[dhdDelta():10.36.28.0028] - Did not find FalconCommon.txt
[dhdComUSB::dhdComUSB():10.36.28.0028] - Constructor
[dhdDelta():10.36.28.0032] - Did not find FalconCommon.txt
[dhdComUSB::dhdComUSB():10.36.28.0034] - Constructor
[dhdDelta():10.36.28.0038] - Did not find FalconCommon.txt
[dhdComUSB::dhdComUSB():10.36.28.0038] - Constructor
[dhdDelta():10.36.28.0042] - Did not find FalconCommon.txt
[dhdComUSB::dhdComUSB():10.36.28.0042] - Constructor
[dhdDelta():10.36.28.0046] - Did not find FalconCommon.txt
[dhdComUSB::dhdComUSB():10.36.28.0046] - Constructor
[dhdDelta():10.36.28.0049] - Did not find FalconCommon.txt
[dhdComUSB::dhdComUSB():10.36.28.0049] - Constructor
[dhdOpenWithReset():10.36.28.2636] - currentDevice = 0, l_serNum = 14101268, is NOT smart
[dhdOpenWithReset():10.36.28.3922] - l_serNum after getFileName = 14101268
[dhdOpenWithReset():10.36.28.3927] - Found falcon_12_0101.bin at C:\Program Files (x86)\novint\HDAL_SDK_3.0.0\bin\falcon_12_0101.bin
[dhdOpenWithReset():10.36.28.3927] - comUSB[0]open(14101268, C:\Program Files (x86)\novint\HDAL_SDK_3.0.0\bin\falcon_12_0101.bin, False)
[dhdComUSB::open():10.36.28.3927] - Open(C:\Program Files (x86)\novint\HDAL_SDK_3.0.0\bin\falcon_12_0101.bin, false)
[dhdComUSB::open():10.36.28.4076] - OpenUSBPort succeeded after 1 tries
[dhdComUSB::open():10.36.28.4076] - deviceType = 0
[dhdComUSB::open():10.36.28.4076] - deviceID   = 67357512d
[dhdComUSB::open():10.36.28.4076] - deviceSN   = 14101268
[dhdComUSB::open():10.36.28.4077] - deviceDesc = FALCON HAPTIC
[dhdComUSB::open():10.36.29.4085] - Starting Download
[dhdComUSB::DownloadCode():10.36.30.4234] - SetUSBParameters(..,,128,128)
[dhdComUSB::DownloadCode():10.36.30.4235] - Read 128 bytes
[dhdComUSB::DownloadCode():10.36.30.4235] - Sent 128 bytes
[dhdComUSB::DownloadCode():10.36.30.4336] - 128 chars available
[dhdComUSB::DownloadCode():10.36.30.4342] - ReadFile done
[dhdComUSB::DownloadCode():10.36.30.4343] - Read 128 bytes
[dhdComUSB::DownloadCode():10.36.30.4343] - Sent 128 bytes
[dhdComUSB::DownloadCode():10.36.30.4437] - 128 chars available
[dhdComUSB::DownloadCode():10.36.30.4442] - ReadFile done
[dhdComUSB::DownloadCode():10.36.30.4442] - Read 128 bytes
[dhdComUSB::DownloadCode():10.36.30.4442] - Sent 128 bytes
[dhdComUSB::DownloadCode():10.36.30.4538] - 128 chars available
[dhdComUSB::DownloadCode():10.36.30.4554] - ReadFile done
[dhdComUSB::DownloadCode():10.36.30.4555] - Read 128 bytes
[dhdComUSB::DownloadCode():10.36.30.4561] - Sent 128 bytes
[dhdComUSB::DownloadCode():10.36.30.4660] - 128 chars available
[dhdComUSB::DownloadCode():10.36.30.4665] - ReadFile done
[dhdComUSB::DownloadCode():10.36.30.4665] - Read 128 bytes
[dhdComUSB::DownloadCode():10.36.30.4666] - Sent 128 bytes
[dhdComUSB::DownloadCode():10.36.30.4767] - 128 chars available
[dhdComUSB::DownloadCode():10.36.30.4778] - ReadFile done
[dhdComUSB::DownloadCode():10.36.30.4778] - Read 128 bytes
[dhdComUSB::DownloadCode():10.36.30.4778] - Sent 128 bytes
[dhdComUSB::DownloadCode():10.36.30.4878] - 128 chars available
[dhdComUSB::DownloadCode():10.36.30.4886] - ReadFile done
[dhdComUSB::DownloadCode():10.36.30.4886] - Read 128 bytes
[dhdComUSB::DownloadCode():10.36.30.4886] - Sent 128 bytes
[dhdComUSB::DownloadCode():10.36.30.5008] - 128 chars available
[dhdComUSB::DownloadCode():10.36.30.5020] - ReadFile done
[dhdComUSB::DownloadCode():10.36.30.5028] - Read 128 bytes
[dhdComUSB::DownloadCode():10.36.30.5028] - Sent 128 bytes
[dhdComUSB::DownloadCode():10.36.30.5125] - 128 chars available
[dhdComUSB::DownloadCode():10.36.30.5130] - ReadFile done
[dhdComUSB::DownloadCode():10.36.30.5131] - Read 128 bytes
[dhdComUSB::DownloadCode():10.36.30.5131] - Sent 128 bytes
[dhdComUSB::DownloadCode():10.36.30.5226] - 128 chars available
[dhdComUSB::DownloadCode():10.36.30.5233] - ReadFile done
[dhdComUSB::DownloadCode():10.36.30.5233] - Read 128 bytes
[dhdComUSB::DownloadCode():10.36.30.5233] - Sent 128 bytes
[dhdComUSB::DownloadCode():10.36.30.5325] - 128 chars available
[dhdComUSB::DownloadCode():10.36.30.5330] - ReadFile done
[dhdComUSB::DownloadCode():10.36.30.5330] - Read 128 bytes
[dhdComUSB::DownloadCode():10.36.30.5331] - Sent 128 bytes
[dhdComUSB::DownloadCode():10.36.30.5425] - 128 chars available
[dhdComUSB::DownloadCode():10.36.30.5431] - ReadFile done
[dhdComUSB::DownloadCode():10.36.30.5431] - Read 128 bytes
[dhdComUSB::DownloadCode():10.36.30.5431] - Sent 128 bytes
[dhdComUSB::DownloadCode():10.36.30.5525] - 128 chars available
[dhdComUSB::DownloadCode():10.36.30.5541] - ReadFile done
[dhdComUSB::DownloadCode():10.36.30.5541] - Read 128 bytes
[dhdComUSB::DownloadCode():10.36.30.5541] - Sent 128 bytes
[dhdComUSB::DownloadCode():10.36.30.5643] - 128 chars available
[dhdComUSB::DownloadCode():10.36.30.5648] - ReadFile done
[dhdComUSB::DownloadCode():10.36.30.5649] - Read 128 bytes
[dhdComUSB::DownloadCode():10.36.30.5649] - Sent 128 bytes
[dhdComUSB::DownloadCode():10.36.30.5745] - 128 chars available
[dhdComUSB::DownloadCode():10.36.30.5767] - ReadFile done
[dhdComUSB::DownloadCode():10.36.30.5767] - Read 128 bytes
[dhdComUSB::DownloadCode():10.36.30.5767] - Sent 128 bytes
[dhdComUSB::DownloadCode():10.36.30.5867] - 128 chars available
[dhdComUSB::DownloadCode():10.36.30.5873] - ReadFile done
[dhdComUSB::DownloadCode():10.36.30.5873] - Read 128 bytes
[dhdComUSB::DownloadCode():10.36.30.5873] - Sent 128 bytes
[dhdComUSB::DownloadCode():10.36.30.5965] - 128 chars available
[dhdComUSB::DownloadCode():10.36.30.5970] - ReadFile done
[dhdComUSB::DownloadCode():10.36.30.5972] - Read 128 bytes
[dhdComUSB::DownloadCode():10.36.30.5974] - Sent 128 bytes
[dhdComUSB::DownloadCode():10.36.30.6075] - 128 chars available
[dhdComUSB::DownloadCode():10.36.30.6085] - ReadFile done
[dhdComUSB::DownloadCode():10.36.30.6085] - Read 128 bytes
[dhdComUSB::DownloadCode():10.36.30.6085] - Sent 128 bytes
[dhdComUSB::DownloadCode():10.36.30.6185] - 128 chars available
[dhdComUSB::DownloadCode():10.36.30.6195] - ReadFile done
[dhdComUSB::DownloadCode():10.36.30.6196] - Read 128 bytes
[dhdComUSB::DownloadCode():10.36.30.6196] - Sent 128 bytes
[dhdComUSB::DownloadCode():10.36.30.6295] - 128 chars available
[dhdComUSB::DownloadCode():10.36.30.6299] - ReadFile done
[dhdComUSB::DownloadCode():10.36.30.6301] - Read 128 bytes
[dhdComUSB::DownloadCode():10.36.30.6306] - Sent 128 bytes
[dhdComUSB::DownloadCode():10.36.30.6405] - 128 chars available
[dhdComUSB::DownloadCode():10.36.30.6415] - ReadFile done
[dhdComUSB::DownloadCode():10.36.30.6416] - Read 128 bytes
[dhdComUSB::DownloadCode():10.36.30.6416] - Sent 128 bytes
[dhdComUSB::DownloadCode():10.36.30.6515] - 128 chars available
[dhdComUSB::DownloadCode():10.36.30.6520] - ReadFile done
[dhdComUSB::DownloadCode():10.36.30.6520] - Read 128 bytes
[dhdComUSB::DownloadCode():10.36.30.6520] - Sent 128 bytes
[dhdComUSB::DownloadCode():10.36.30.6615] - 128 chars available
[dhdComUSB::DownloadCode():10.36.30.6620] - ReadFile done
[dhdComUSB::DownloadCode():10.36.30.6620] - Read 128 bytes
[dhdComUSB::DownloadCode():10.36.30.6620] - Sent 128 bytes
[dhdComUSB::DownloadCode():10.36.30.6715] - 128 chars available
[dhdComUSB::DownloadCode():10.36.30.6720] - ReadFile done
[dhdComUSB::DownloadCode():10.36.30.6720] - Read 128 bytes
[dhdComUSB::DownloadCode():10.36.30.6720] - Sent 128 bytes
[dhdComUSB::DownloadCode():10.36.30.6815] - 128 chars available
[dhdComUSB::DownloadCode():10.36.30.6820] - ReadFile done
[dhdComUSB::DownloadCode():10.36.30.6820] - Read 128 bytes
[dhdComUSB::DownloadCode():10.36.30.6820] - Sent 128 bytes
[dhdComUSB::DownloadCode():10.36.30.6915] - 128 chars available
[dhdComUSB::DownloadCode():10.36.30.6920] - ReadFile done
[dhdComUSB::DownloadCode():10.36.30.6920] - Read 128 bytes
[dhdComUSB::DownloadCode():10.36.30.6921] - Sent 128 bytes
[dhdComUSB::DownloadCode():10.36.30.7014] - 128 chars available
[dhdComUSB::DownloadCode():10.36.30.7020] - ReadFile done
[dhdComUSB::DownloadCode():10.36.30.7020] - Read 128 bytes
[dhdComUSB::DownloadCode():10.36.30.7020] - Sent 128 bytes
[dhdComUSB::DownloadCode():10.36.30.7114] - 128 chars available
[dhdComUSB::DownloadCode():10.36.30.7120] - ReadFile done
[dhdComUSB::DownloadCode():10.36.30.7120] - Read 128 bytes
[dhdComUSB::DownloadCode():10.36.30.7120] - Sent 128 bytes
[dhdComUSB::DownloadCode():10.36.30.7214] - 128 chars available
[dhdComUSB::DownloadCode():10.36.30.7220] - ReadFile done
[dhdComUSB::DownloadCode():10.36.30.7220] - Read 128 bytes
[dhdComUSB::DownloadCode():10.36.30.7220] - Sent 128 bytes
[dhdComUSB::DownloadCode():10.36.30.7315] - 128 chars available
[dhdComUSB::DownloadCode():10.36.30.7321] - ReadFile done
[dhdComUSB::DownloadCode():10.36.30.7322] - Read 128 bytes
[dhdComUSB::DownloadCode():10.36.30.7322] - Sent 128 bytes
[dhdComUSB::DownloadCode():10.36.30.7415] - 128 chars available
[dhdComUSB::DownloadCode():10.36.30.7425] - ReadFile done
[dhdComUSB::DownloadCode():10.36.30.7425] - Read 128 bytes
[dhdComUSB::DownloadCode():10.36.30.7425] - Sent 128 bytes
[dhdComUSB::DownloadCode():10.36.30.7525] - 128 chars available
[dhdComUSB::DownloadCode():10.36.30.7538] - ReadFile done
[dhdComUSB::DownloadCode():10.36.30.7538] - Read 128 bytes
[dhdComUSB::DownloadCode():10.36.30.7538] - Sent 128 bytes
[dhdComUSB::DownloadCode():10.36.30.7635] - 128 chars available
[dhdComUSB::DownloadCode():10.36.30.7644] - ReadFile done
[dhdComUSB::DownloadCode():10.36.30.7645] - Read 128 bytes
[dhdComUSB::DownloadCode():10.36.30.7645] - Sent 128 bytes
[dhdComUSB::DownloadCode():10.36.30.7744] - 128 chars available
[dhdComUSB::DownloadCode():10.36.30.7769] - ReadFile done
[dhdComUSB::DownloadCode():10.36.30.7769] - Read 128 bytes
[dhdComUSB::DownloadCode():10.36.30.7769] - Sent 128 bytes
[dhdComUSB::DownloadCode():10.36.30.7866] - 128 chars available
[dhdComUSB::DownloadCode():10.36.30.7873] - ReadFile done
[dhdComUSB::DownloadCode():10.36.30.7874] - Read 128 bytes
[dhdComUSB::DownloadCode():10.36.30.7874] - Sent 128 bytes
[dhdComUSB::DownloadCode():10.36.30.7975] - 128 chars available
[dhdComUSB::DownloadCode():10.36.30.7985] - ReadFile done
[dhdComUSB::DownloadCode():10.36.30.7985] - Read 128 bytes
[dhdComUSB::DownloadCode():10.36.30.7985] - Sent 128 bytes
[dhdComUSB::DownloadCode():10.36.30.8084] - 128 chars available
[dhdComUSB::DownloadCode():10.36.30.8099] - ReadFile done
[dhdComUSB::DownloadCode():10.36.30.8099] - Read 128 bytes
[dhdComUSB::DownloadCode():10.36.30.8099] - Sent 128 bytes
[dhdComUSB::DownloadCode():10.36.30.8194] - 128 chars available
[dhdComUSB::DownloadCode():10.36.30.8203] - ReadFile done
[dhdComUSB::DownloadCode():10.36.30.8204] - Read 128 bytes
[dhdComUSB::DownloadCode():10.36.30.8204] - Sent 128 bytes
[dhdComUSB::DownloadCode():10.36.30.8309] - 128 chars available
[dhdComUSB::DownloadCode():10.36.30.8321] - ReadFile done
[dhdComUSB::DownloadCode():10.36.30.8321] - Read 128 bytes
[dhdComUSB::DownloadCode():10.36.30.8322] - Sent 128 bytes
[dhdComUSB::DownloadCode():10.36.30.8416] - 128 chars available
[dhdComUSB::DownloadCode():10.36.30.8428] - ReadFile done
[dhdComUSB::DownloadCode():10.36.30.8428] - Read 128 bytes
[dhdComUSB::DownloadCode():10.36.30.8428] - Sent 128 bytes
[dhdComUSB::DownloadCode():10.36.30.8526] - 128 chars available
[dhdComUSB::DownloadCode():10.36.30.8537] - ReadFile done
[dhdComUSB::DownloadCode():10.36.30.8537] - Read 128 bytes
[dhdComUSB::DownloadCode():10.36.30.8538] - Sent 128 bytes
[dhdComUSB::DownloadCode():10.36.30.8637] - 128 chars available
[dhdComUSB::DownloadCode():10.36.30.8652] - ReadFile done
[dhdComUSB::DownloadCode():10.36.30.8652] - Read 128 bytes
[dhdComUSB::DownloadCode():10.36.30.8652] - Sent 128 bytes
[dhdComUSB::DownloadCode():10.36.30.8745] - 128 chars available
[dhdComUSB::DownloadCode():10.36.30.8766] - ReadFile done
[dhdComUSB::DownloadCode():10.36.30.8766] - Read 128 bytes
[dhdComUSB::DownloadCode():10.36.30.8766] - Sent 128 bytes
[dhdComUSB::DownloadCode():10.36.30.8871] - 128 chars available
[dhdComUSB::DownloadCode():10.36.30.8880] - ReadFile done
[dhdComUSB::DownloadCode():10.36.30.8880] - Read 128 bytes
[dhdComUSB::DownloadCode():10.36.30.8880] - Sent 128 bytes
[dhdComUSB::DownloadCode():10.36.30.8981] - 128 chars available
[dhdComUSB::DownloadCode():10.36.30.8990] - ReadFile done
[dhdComUSB::DownloadCode():10.36.30.8990] - Read 128 bytes
[dhdComUSB::DownloadCode():10.36.30.8990] - Sent 128 bytes
[dhdComUSB::DownloadCode():10.36.30.9090] - 128 chars available
[dhdComUSB::DownloadCode():10.36.30.9102] - ReadFile done
[dhdComUSB::DownloadCode():10.36.30.9102] - Read 128 bytes
[dhdComUSB::DownloadCode():10.36.30.9102] - Sent 128 bytes
[dhdComUSB::DownloadCode():10.36.30.9211] - 128 chars available
[dhdComUSB::DownloadCode():10.36.30.9218] - ReadFile done
[dhdComUSB::DownloadCode():10.36.30.9218] - Read 128 bytes
[dhdComUSB::DownloadCode():10.36.30.9218] - Sent 128 bytes
[dhdComUSB::DownloadCode():10.36.30.9314] - 128 chars available
[dhdComUSB::DownloadCode():10.36.30.9324] - ReadFile done
[dhdComUSB::DownloadCode():10.36.30.9324] - Read 128 bytes
[dhdComUSB::DownloadCode():10.36.30.9324] - Sent 128 bytes
[dhdComUSB::DownloadCode():10.36.30.9426] - 128 chars available
[dhdComUSB::DownloadCode():10.36.30.9436] - ReadFile done
[dhdComUSB::DownloadCode():10.36.30.9436] - Read 128 bytes
[dhdComUSB::DownloadCode():10.36.30.9437] - Sent 128 bytes
[dhdComUSB::DownloadCode():10.36.30.9535] - 128 chars available
[dhdComUSB::DownloadCode():10.36.30.9546] - ReadFile done
[dhdComUSB::DownloadCode():10.36.30.9546] - Read 128 bytes
[dhdComUSB::DownloadCode():10.36.30.9546] - Sent 128 bytes
[dhdComUSB::DownloadCode():10.36.30.9648] - 128 chars available
[dhdComUSB::DownloadCode():10.36.30.9660] - ReadFile done
[dhdComUSB::DownloadCode():10.36.30.9661] - Read 128 bytes
[dhdComUSB::DownloadCode():10.36.30.9661] - Sent 128 bytes
[dhdComUSB::DownloadCode():10.36.30.9767] - 128 chars available
[dhdComUSB::DownloadCode():10.36.30.9775] - ReadFile done
[dhdComUSB::DownloadCode():10.36.30.9775] - Read 128 bytes
[dhdComUSB::DownloadCode():10.36.30.9776] - Sent 128 bytes
[dhdComUSB::DownloadCode():10.36.30.9875] - 128 chars available
[dhdComUSB::DownloadCode():10.36.30.9880] - ReadFile done
[dhdComUSB::DownloadCode():10.36.30.9880] - Read 128 bytes
[dhdComUSB::DownloadCode():10.36.30.9881] - Sent 128 bytes
[dhdComUSB::DownloadCode():10.36.30.9973] - 128 chars available
[dhdComUSB::DownloadCode():10.36.30.9993] - ReadFile done
[dhdComUSB::DownloadCode():10.36.30.9994] - Read 128 bytes
[dhdComUSB::DownloadCode():10.36.30.9994] - Sent 128 bytes
[dhdComUSB::DownloadCode():10.36.31.0094] - 128 chars available
[dhdComUSB::DownloadCode():10.36.31.0105] - ReadFile done
[dhdComUSB::DownloadCode():10.36.31.0106] - Read 128 bytes
[dhdComUSB::DownloadCode():10.36.31.0106] - Sent 128 bytes
[dhdComUSB::DownloadCode():10.36.31.0205] - 128 chars available
[dhdComUSB::DownloadCode():10.36.31.0213] - ReadFile done
[dhdComUSB::DownloadCode():10.36.31.0213] - Read 128 bytes
[dhdComUSB::DownloadCode():10.36.31.0213] - Sent 128 bytes
[dhdComUSB::DownloadCode():10.36.31.0322] - 128 chars available
[dhdComUSB::DownloadCode():10.36.31.0328] - ReadFile done
[dhdComUSB::DownloadCode():10.36.31.0329] - Read 128 bytes
[dhdComUSB::DownloadCode():10.36.31.0329] - Sent 128 bytes
[dhdComUSB::DownloadCode():10.36.31.0424] - 128 chars available
[dhdComUSB::DownloadCode():10.36.31.0435] - ReadFile done
[dhdComUSB::DownloadCode():10.36.31.0436] - Read 128 bytes
[dhdComUSB::DownloadCode():10.36.31.0436] - Sent 128 bytes
[dhdComUSB::DownloadCode():10.36.31.0538] - 128 chars available
[dhdComUSB::DownloadCode():10.36.31.0550] - ReadFile done
[dhdComUSB::DownloadCode():10.36.31.0550] - Read 128 bytes
[dhdComUSB::DownloadCode():10.36.31.0550] - Sent 128 bytes
[dhdComUSB::DownloadCode():10.36.31.0645] - 128 chars available
[dhdComUSB::DownloadCode():10.36.31.0661] - ReadFile done
[dhdComUSB::DownloadCode():10.36.31.0661] - Read 128 bytes
[dhdComUSB::DownloadCode():10.36.31.0661] - Sent 128 bytes
[dhdComUSB::DownloadCode():10.36.31.0765] - 128 chars available
[dhdComUSB::DownloadCode():10.36.31.0774] - ReadFile done
[dhdComUSB::DownloadCode():10.36.31.0774] - Read 128 bytes
[dhdComUSB::DownloadCode():10.36.31.0774] - Sent 128 bytes
[dhdComUSB::DownloadCode():10.36.31.0877] - 128 chars available
[dhdComUSB::DownloadCode():10.36.31.0882] - ReadFile done
[dhdComUSB::DownloadCode():10.36.31.0882] - Read 128 bytes
[dhdComUSB::DownloadCode():10.36.31.0882] - Sent 128 bytes
[dhdComUSB::DownloadCode():10.36.31.0988] - 128 chars available
[dhdComUSB::DownloadCode():10.36.31.0994] - ReadFile done
[dhdComUSB::DownloadCode():10.36.31.0994] - Read 128 bytes
[dhdComUSB::DownloadCode():10.36.31.0994] - Sent 128 bytes
[dhdComUSB::DownloadCode():10.36.31.1100] - 128 chars available
[dhdComUSB::DownloadCode():10.36.31.1106] - ReadFile done
[dhdComUSB::DownloadCode():10.36.31.1107] - Read 128 bytes
[dhdComUSB::DownloadCode():10.36.31.1107] - Sent 128 bytes
[dhdComUSB::DownloadCode():10.36.31.1203] - 128 chars available
[dhdComUSB::DownloadCode():10.36.31.1210] - ReadFile done
[dhdComUSB::DownloadCode():10.36.31.1211] - Read 128 bytes
[dhdComUSB::DownloadCode():10.36.31.1211] - Sent 128 bytes
[dhdComUSB::DownloadCode():10.36.31.1303] - 128 chars available
[dhdComUSB::DownloadCode():10.36.31.1314] - ReadFile done
[dhdComUSB::DownloadCode():10.36.31.1314] - Read 128 bytes
[dhdComUSB::DownloadCode():10.36.31.1315] - Sent 128 bytes
[dhdComUSB::DownloadCode():10.36.31.1413] - 128 chars available
[dhdComUSB::DownloadCode():10.36.31.1418] - ReadFile done
[dhdComUSB::DownloadCode():10.36.31.1419] - Read 128 bytes
[dhdComUSB::DownloadCode():10.36.31.1419] - Sent 128 bytes
[dhdComUSB::DownloadCode():10.36.31.1513] - 128 chars available
[dhdComUSB::DownloadCode():10.36.31.1518] - ReadFile done
[dhdComUSB::DownloadCode():10.36.31.1518] - Read 128 bytes
[dhdComUSB::DownloadCode():10.36.31.1518] - Sent 128 bytes
[dhdComUSB::DownloadCode():10.36.31.1613] - 128 chars available
[dhdComUSB::DownloadCode():10.36.31.1618] - ReadFile done
[dhdComUSB::DownloadCode():10.36.31.1618] - Read 128 bytes
[dhdComUSB::DownloadCode():10.36.31.1619] - Sent 128 bytes
[dhdComUSB::DownloadCode():10.36.31.1713] - 128 chars available
[dhdComUSB::DownloadCode():10.36.31.1718] - ReadFile done
[dhdComUSB::DownloadCode():10.36.31.1718] - Read 128 bytes
[dhdComUSB::DownloadCode():10.36.31.1718] - Sent 128 bytes
[dhdComUSB::DownloadCode():10.36.31.1812] - 128 chars available
[dhdComUSB::DownloadCode():10.36.31.1818] - ReadFile done
[dhdComUSB::DownloadCode():10.36.31.1818] - Read 128 bytes
[dhdComUSB::DownloadCode():10.36.31.1818] - Sent 128 bytes
[dhdComUSB::DownloadCode():10.36.31.1912] - 128 chars available
[dhdComUSB::DownloadCode():10.36.31.1918] - ReadFile done
[dhdComUSB::DownloadCode():10.36.31.1918] - Read 128 bytes
[dhdComUSB::DownloadCode():10.36.31.1918] - Sent 128 bytes
[dhdComUSB::DownloadCode():10.36.31.2012] - 128 chars available
[dhdComUSB::DownloadCode():10.36.31.2017] - ReadFile done
[dhdComUSB::DownloadCode():10.36.31.2018] - Read 128 bytes
[dhdComUSB::DownloadCode():10.36.31.2018] - Sent 128 bytes
[dhdComUSB::DownloadCode():10.36.31.2113] - 128 chars available
[dhdComUSB::DownloadCode():10.36.31.2118] - ReadFile done
[dhdComUSB::DownloadCode():10.36.31.2119] - Read 74 bytes
[dhdComUSB::DownloadCode():10.36.31.2119] - Sent 74 bytes
[dhdComUSB::DownloadCode():10.36.31.2182] - 74 chars available
[dhdComUSB::DownloadCode():10.36.31.2186] - ReadFile done
[dhdComUSB::DownloadCode():10.36.31.2187] - Download done
[dhdComUSB::open():10.36.31.2187] - Download status: 0
[dhdComUSB::OpenDeviceCommunications():10.36.31.2187] - Set Baud Rate Status: 0
[dhdComUSB::OpenDeviceCommunications():10.36.31.2489] - update() okay after 1 updates
[dhdComUSB::OpenDeviceCommunications():10.36.31.2489] - Returning 0
[dhdComUSB::changeGrip():10.36.31.4490] - New Grip: G_A
[dhdComUSB::changeGrip():10.36.31.4490] - Started grip change
[changeGripThreadFunc::10.36.31.4492] - deleting old grip object
[changeGripThreadFunc::10.36.31.4492] - Loading grip type G_A
[changeGripThreadFunc::10.36.31.4514] - Loading delta
[dhdDelta():10.36.31.4518] - Did not find FalconCommon.txt
[changeGripThreadFunc::10.36.31.4518] - Done loading new grip
[dhdComUSB::tryCalibration():10.36.31.6074] - HomeEnabled, LED Red
[dhdComUSB::processData():10.36.32.0178] - G_A
[dhdComUSB::tryCalibration():10.36.38.8145] - HomeDisabled, LED Blue
[dhdComUSB::dhdComUSB():10.37.16.6774] - Constructor
[dhdComUSB::close():10.37.16.6774] - Closed
